<?xml version="1.0" encoding="UTF-8" standalone="no"?><testsuite errors="1" failures="0" name="Testing the jar file" skipped="0" tests="1" time="0.77" timestamp="2024-06-11 05:44:43"><testcase name="Successfully connection to SAP GUI"><error message="no jacob-1.21-x64 in java.library.path: [C:\Program Files\Java\jdk-11.0.19\bin, C:\Windows\Sun\Java\bin, C:\Windows\system32, C:\Windows, C:\Program Files\Common Files\Oracle\Java\javapath, C:\Program Files (x86)\Common Files\Oracle\Java\java8path, C:\Program Files (x86)\Common Files\Oracle\Java\javapath, C:\Windows\system32, C:\Windows, C:\Windows\System32\Wbem, C:\Windows\System32\WindowsPowerShell\v1.0\, C:\Windows\System32\OpenSSH\, C:\Program Files\Java\jdk-11.0.19\bin, C:\Program Files\Git\cmd, C:\Users\mgarzonr\AppData\Local\Android\Sdk\platform-tools, C:\Users\mgarzonr\AppData\Local\Android\Sdk\build-tools, C:\Users\mgarzonr\AppData\Local\Android\Sdk\tools, C:\Users\mgarzonr\AppData\Roaming\Microsoft\Windows\Start Menu\Programs, C:\Gradle\gradle-8.0\bin, C:\Program Files\nodejs\, C:\Program Files\Docker\Docker\resources\bin, C:\Users\mgarzonr\AppData\Local\Microsoft\WindowsApps, C:\Users\mgarzonr\AppData\Local\Programs\Microsoft VS Code\bin, C:\Users\mgarzonr\AppData\Roaming\npm, .]" type="java.lang.UnsatisfiedLinkError">no jacob-1.21-x64 in java.library.path: [C:\Program Files\Java\jdk-11.0.19\bin, C:\Windows\Sun\Java\bin, C:\Windows\system32, C:\Windows, C:\Program Files\Common Files\Oracle\Java\javapath, C:\Program Files (x86)\Common Files\Oracle\Java\java8path, C:\Program Files (x86)\Common Files\Oracle\Java\javapath, C:\Windows\system32, C:\Windows, C:\Windows\System32\Wbem, C:\Windows\System32\WindowsPowerShell\v1.0\, C:\Windows\System32\OpenSSH\, C:\Program Files\Java\jdk-11.0.19\bin, C:\Program Files\Git\cmd, C:\Users\mgarzonr\AppData\Local\Android\Sdk\platform-tools, C:\Users\mgarzonr\AppData\Local\Android\Sdk\build-tools, C:\Users\mgarzonr\AppData\Local\Android\Sdk\tools, C:\Users\mgarzonr\AppData\Roaming\Microsoft\Windows\Start Menu\Programs, C:\Gradle\gradle-8.0\bin, C:\Program Files\nodejs\, C:\Program Files\Docker\Docker\resources\bin, C:\Users\mgarzonr\AppData\Local\Microsoft\WindowsApps, C:\Users\mgarzonr\AppData\Local\Programs\Microsoft VS Code\bin, C:\Users\mgarzonr\AppData\Roaming\npm, .]</error><system-err>no jacob-1.21-x64 in java.library.path: [C:\Program Files\Java\jdk-11.0.19\bin, C:\Windows\Sun\Java\bin, C:\Windows\system32, C:\Windows, C:\Program Files\Common Files\Oracle\Java\javapath, C:\Program Files (x86)\Common Files\Oracle\Java\java8path, C:\Program Files (x86)\Common Files\Oracle\Java\javapath, C:\Windows\system32, C:\Windows, C:\Windows\System32\Wbem, C:\Windows\System32\WindowsPowerShell\v1.0\, C:\Windows\System32\OpenSSH\, C:\Program Files\Java\jdk-11.0.19\bin, C:\Program Files\Git\cmd, C:\Users\mgarzonr\AppData\Local\Android\Sdk\platform-tools, C:\Users\mgarzonr\AppData\Local\Android\Sdk\build-tools, C:\Users\mgarzonr\AppData\Local\Android\Sdk\tools, C:\Users\mgarzonr\AppData\Roaming\Microsoft\Windows\Start Menu\Programs, C:\Gradle\gradle-8.0\bin, C:\Program Files\nodejs\, C:\Program Files\Docker\Docker\resources\bin, C:\Users\mgarzonr\AppData\Local\Microsoft\WindowsApps, C:\Users\mgarzonr\AppData\Local\Programs\Microsoft VS Code\bin, C:\Users\mgarzonr\AppData\Roaming\npm, .]&#13;
com.jacob.com.LibraryLoader.loadJacobLibrary(LibraryLoader.java:183)&#13;
com.jacob.com.JacobObject.&lt;clinit&gt;(JacobObject.java:110)&#13;
com.jacob.com.LibraryLoader.loadJacobLibrary(LibraryLoader.java:180)&#13;
com.jacob.com.ComThread.&lt;clinit&gt;(ComThread.java:167)&#13;
com.tcs.certificacion.sapgui.interactions.Control.createSession(Control.java:167)&#13;
com.tcs.certificacion.sapgui.interactions.OpenConnection.performAs(OpenConnection.java:25)&#13;
com.co.choucair.stepdefinitions.TestStepDefinitions.mikeIsReadyToOpenTheConnection(TestStepDefinitions.java:15)&#13;
io.cucumber.java.Invoker.doInvoke(Invoker.java:66)&#13;
io.cucumber.java.Invoker.invoke(Invoker.java:24)&#13;
io.cucumber.java.AbstractGlueDefinition.invokeMethod(AbstractGlueDefinition.java:47)&#13;
io.cucumber.java.JavaStepDefinition.execute(JavaStepDefinition.java:29)&#13;
io.cucumber.core.runner.CoreStepDefinition.execute(CoreStepDefinition.java:66)&#13;
io.cucumber.core.runner.PickleStepDefinitionMatch.runStep(PickleStepDefinitionMatch.java:63)&#13;
io.cucumber.core.runner.TestStep.executeStep(TestStep.java:84)&#13;
io.cucumber.core.runner.TestStep.run(TestStep.java:56)&#13;
io.cucumber.core.runner.PickleStepTestStep.run(PickleStepTestStep.java:51)&#13;
io.cucumber.core.runner.TestCase.run(TestCase.java:84)&#13;
io.cucumber.core.runner.Runner.runPickle(Runner.java:75)&#13;
io.cucumber.core.runtime.CucumberExecutionContext.lambda$runTestCase$5(CucumberExecutionContext.java:137)&#13;
io.cucumber.core.runtime.RethrowingThrowableCollector.executeAndThrow(RethrowingThrowableCollector.java:23)&#13;
io.cucumber.core.runtime.CucumberExecutionContext.runTestCase(CucumberExecutionContext.java:137)&#13;
io.cucumber.junit.FeatureRunner.runChild(FeatureRunner.java:144)&#13;
io.cucumber.junit.FeatureRunner.runChild(FeatureRunner.java:28)&#13;
io.cucumber.junit.FeatureRunner.run(FeatureRunner.java:137)&#13;
io.cucumber.junit.CucumberSerenityBaseRunner.runChild(CucumberSerenityBaseRunner.java:330)&#13;
io.cucumber.junit.CucumberSerenityBaseRunner.runChild(CucumberSerenityBaseRunner.java:51)&#13;
worker.org.gradle.process.internal.worker.GradleWorkerMain.run(GradleWorkerMain.java:69)&#13;
worker.org.gradle.process.internal.worker.GradleWorkerMain.main(GradleWorkerMain.java:74)&#13;
</system-err></testcase></testsuite>